Arguments: 
  /usr/local/bin/node /usr/local/bin/yarn add react-hot-toast

PATH: 
  /Users/carlosbessa/Documents/dev_flutter/flutter/bin:/Users/carlosbessa/.rbenv/shims:/usr/local/bin:/usr/bin:/bin:/usr/sbin:/sbin:/usr/local/go/bin:/Library/Apple/usr/bin:/Library/Frameworks/Mono.framework/Versions/Current/Commands:/Users/carlosbessa/Documents/dev_flutter/flutter/bin:/Users/carlosbessa/.rbenv/shims:/Users/carlosbessa/.composer/vendor/bin:/usr/local/opt/mysql@5.7/bin:/Users/carlosbessa/.composer/vendor/bin:/usr/local/opt/mysql@5.7/bin

Yarn version: 
  1.22.17

Node version: 
  14.17.0

Platform: 
  darwin x64

Trace: 
  Error: https://registry.yarnpkg.com/@material-ui/icons/-/icons-4.11.2.tgz: ESOCKETTIMEDOUT
      at ClientRequest.<anonymous> (/usr/local/lib/node_modules/yarn/lib/cli.js:141510:19)
      at Object.onceWrapper (events.js:482:28)
      at ClientRequest.emit (events.js:376:20)
      at TLSSocket.emitRequestTimeout (_http_client.js:790:9)
      at Object.onceWrapper (events.js:482:28)
      at TLSSocket.emit (events.js:388:22)
      at TLSSocket.Socket._onTimeout (net.js:483:8)
      at listOnTimeout (internal/timers.js:555:17)
      at processTimers (internal/timers.js:498:7)

npm manifest: 
  {
    "name": "react-website-yt-1",
    "version": "0.1.0",
    "private": true,
    "dependencies": {
      "@material-ui/core": "^4.12.3",
      "@material-ui/icons": "^4.11.2",
      "@testing-library/jest-dom": "^5.14.1",
      "@testing-library/react": "^11.2.7",
      "@testing-library/user-event": "^12.8.3",
      "@types/react-select": "^4.0.17",
      "emailjs-com": "^3.1.0",
      "firebase": "^8.6.8",
      "node-sass": "^6.0.1",
      "prop-types": "^15.7.2",
      "react": "^17.0.2",
      "react-dom": "^17.0.2",
      "react-faq-component": "^1.3.1",
      "react-navigation": "^4.4.4",
      "react-pricing-table": "^0.3.0",
      "react-responsive-carousel": "^3.2.20",
      "react-router-dom": "^5.2.0",
      "react-scripts": "4.0.3",
      "react-scroll": "^1.8.2",
      "react-select": "^4.3.1",
      "react-shopping-cart": "^1.9.5",
      "react-simple-image-slider": "^2.1.2",
      "reactstrap": "^8.9.0",
      "semantic-ui-react": "^2.0.3",
      "swiper": "^6.8.1",
      "typescript": "^4.3.5",
      "web-vitals": "^1.1.2"
    },
    "scripts": {
      "start": "react-scripts start",
      "build": "react-scripts build",
      "test": "react-scripts test",
      "eject": "react-scripts eject"
    },
    "eslintConfig": {
      "extends": [
        "react-app",
        "react-app/jest"
      ]
    },
    "browserslist": {
      "production": [
        ">0.2%",
        "not dead",
        "not op_mini all"
      ],
      "development": [
        "last 1 chrome version",
        "last 1 firefox version",
        "last 1 safari version"
      ]
    }
  }

yarn manifest: 
  No manifest

Lockfile: 
  No lockfile
